The system is: Linux - 3.13.0-63-generic - i686
Compiling the C compiler identification source file "CMakeCCompilerId.c" succeeded.
Compiler: /usr/bin/cc 
Build flags: 
Id flags: 

The output was:
0


Compilation of the C compiler identification source "CMakeCCompilerId.c" produced "a.out"

The C compiler identification is GNU, found in "/home/amministratore/Scrivania/non eliminare se non siete costretti/trova palle/CMakeFiles/2.8.12.2/CompilerIdC/a.out"

Compiling the CXX compiler identification source file "CMakeCXXCompilerId.cpp" succeeded.
Compiler: /usr/bin/c++ 
Build flags: 
Id flags: 

The output was:
0


Compilation of the CXX compiler identification source "CMakeCXXCompilerId.cpp" produced "a.out"

The CXX compiler identification is GNU, found in "/home/amministratore/Scrivania/non eliminare se non siete costretti/trova palle/CMakeFiles/2.8.12.2/CompilerIdCXX/a.out"

Determining if the C compiler works passed with the following output:
Change Dir: /home/amministratore/Scrivania/non eliminare se non siete costretti/trova palle/CMakeFiles/CMakeTmp

Run Build Command:/usr/bin/make "cmTryCompileExec2001954831/fast"
/usr/bin/make -f CMakeFiles/cmTryCompileExec2001954831.dir/build.make CMakeFiles/cmTryCompileExec2001954831.dir/build
make[1]: ingresso nella directory "/home/amministratore/Scrivania/non eliminare se non siete costretti/trova palle/CMakeFiles/CMakeTmp"
/usr/bin/cmake -E cmake_progress_report "/home/amministratore/Scrivania/non eliminare se non siete costretti/trova palle/CMakeFiles/CMakeTmp/CMakeFiles" 1
Building C object CMakeFiles/cmTryCompileExec2001954831.dir/testCCompiler.c.o
/usr/bin/cc    -o CMakeFiles/cmTryCompileExec2001954831.dir/testCCompiler.c.o   -c "/home/amministratore/Scrivania/non eliminare se non siete costretti/trova palle/CMakeFiles/CMakeTmp/testCCompiler.c"
Linking C executable cmTryCompileExec2001954831
/usr/bin/cmake -E cmake_link_script CMakeFiles/cmTryCompileExec2001954831.dir/link.txt --verbose=1
/usr/bin/cc       CMakeFiles/cmTryCompileExec2001954831.dir/testCCompiler.c.o  -o cmTryCompileExec2001954831 -rdynamic 
make[1]: uscita dalla directory "/home/amministratore/Scrivania/non eliminare se non siete costretti/trova palle/CMakeFiles/CMakeTmp"


Detecting C compiler ABI info compiled with the following output:
Change Dir: /home/amministratore/Scrivania/non eliminare se non siete costretti/trova palle/CMakeFiles/CMakeTmp

Run Build Command:/usr/bin/make "cmTryCompileExec2025898126/fast"
/usr/bin/make -f CMakeFiles/cmTryCompileExec2025898126.dir/build.make CMakeFiles/cmTryCompileExec2025898126.dir/build
make[1]: ingresso nella directory "/home/amministratore/Scrivania/non eliminare se non siete costretti/trova palle/CMakeFiles/CMakeTmp"
/usr/bin/cmake -E cmake_progress_report "/home/amministratore/Scrivania/non eliminare se non siete costretti/trova palle/CMakeFiles/CMakeTmp/CMakeFiles" 1
Building C object CMakeFiles/cmTryCompileExec2025898126.dir/CMakeCCompilerABI.c.o
/usr/bin/cc    -o CMakeFiles/cmTryCompileExec2025898126.dir/CMakeCCompilerABI.c.o   -c /usr/share/cmake-2.8/Modules/CMakeCCompilerABI.c
Linking C executable cmTryCompileExec2025898126
/usr/bin/cmake -E cmake_link_script CMakeFiles/cmTryCompileExec2025898126.dir/link.txt --verbose=1
/usr/bin/cc     -v CMakeFiles/cmTryCompileExec2025898126.dir/CMakeCCompilerABI.c.o  -o cmTryCompileExec2025898126 -rdynamic  
Using built-in specs.
COLLECT_GCC=/usr/bin/cc
COLLECT_LTO_WRAPPER=/usr/lib/gcc/i686-linux-gnu/4.8/lto-wrapper
Target: i686-linux-gnu
Configured with: ../src/configure -v --with-pkgversion='Ubuntu 4.8.4-2ubuntu1~14.04' --with-bugurl=file:///usr/share/doc/gcc-4.8/README.Bugs --enable-languages=c,c++,java,go,d,fortran,objc,obj-c++ --prefix=/usr --program-suffix=-4.8 --enable-shared --enable-linker-build-id --libexecdir=/usr/lib --without-included-gettext --enable-threads=posix --with-gxx-include-dir=/usr/include/c++/4.8 --libdir=/usr/lib --enable-nls --with-sysroot=/ --enable-clocale=gnu --enable-libstdcxx-debug --enable-libstdcxx-time=yes --enable-gnu-unique-object --disable-libmudflap --enable-plugin --with-system-zlib --disable-browser-plugin --enable-java-awt=gtk --enable-gtk-cairo --with-java-home=/usr/lib/jvm/java-1.5.0-gcj-4.8-i386/jre --enable-java-home --with-jvm-root-dir=/usr/lib/jvm/java-1.5.0-gcj-4.8-i386 --with-jvm-jar-dir=/usr/lib/jvm-exports/java-1.5.0-gcj-4.8-i386 --with-arch-directory=i386 --with-ecj-jar=/usr/share/java/eclipse-ecj.jar --enable-objc-gc --enable-targets=all --enable-multiarch --disable-werror --with-arch-32=i686 --with-multilib-list=m32,m64,mx32 --with-tune=generic --enable-checking=release --build=i686-linux-gnu --host=i686-linux-gnu --target=i686-linux-gnu
Thread model: posix
gcc version 4.8.4 (Ubuntu 4.8.4-2ubuntu1~14.04) 
COMPILER_PATH=/usr/lib/gcc/i686-linux-gnu/4.8/:/usr/lib/gcc/i686-linux-gnu/4.8/:/usr/lib/gcc/i686-linux-gnu/:/usr/lib/gcc/i686-linux-gnu/4.8/:/usr/lib/gcc/i686-linux-gnu/
LIBRARY_PATH=/usr/lib/gcc/i686-linux-gnu/4.8/:/usr/lib/gcc/i686-linux-gnu/4.8/../../../i386-linux-gnu/:/usr/lib/gcc/i686-linux-gnu/4.8/../../../../lib/:/lib/i386-linux-gnu/:/lib/../lib/:/usr/lib/i386-linux-gnu/:/usr/lib/../lib/:/usr/lib/gcc/i686-linux-gnu/4.8/../../../:/lib/:/usr/lib/
COLLECT_GCC_OPTIONS='-v' '-o' 'cmTryCompileExec2025898126' '-rdynamic' '-mtune=generic' '-march=i686'
 /usr/lib/gcc/i686-linux-gnu/4.8/collect2 --sysroot=/ --build-id --eh-frame-hdr -m elf_i386 --hash-style=gnu --as-needed -export-dynamic -dynamic-linker /lib/ld-linux.so.2 -z relro -o cmTryCompileExec2025898126 /usr/lib/gcc/i686-linux-gnu/4.8/../../../i386-linux-gnu/crt1.o /usr/lib/gcc/i686-linux-gnu/4.8/../../../i386-linux-gnu/crti.o /usr/lib/gcc/i686-linux-gnu/4.8/crtbegin.o -L/usr/lib/gcc/i686-linux-gnu/4.8 -L/usr/lib/gcc/i686-linux-gnu/4.8/../../../i386-linux-gnu -L/usr/lib/gcc/i686-linux-gnu/4.8/../../../../lib -L/lib/i386-linux-gnu -L/lib/../lib -L/usr/lib/i386-linux-gnu -L/usr/lib/../lib -L/usr/lib/gcc/i686-linux-gnu/4.8/../../.. CMakeFiles/cmTryCompileExec2025898126.dir/CMakeCCompilerABI.c.o -lgcc --as-needed -lgcc_s --no-as-needed -lc -lgcc --as-needed -lgcc_s --no-as-needed /usr/lib/gcc/i686-linux-gnu/4.8/crtend.o /usr/lib/gcc/i686-linux-gnu/4.8/../../../i386-linux-gnu/crtn.o
make[1]: uscita dalla directory "/home/amministratore/Scrivania/non eliminare se non siete costretti/trova palle/CMakeFiles/CMakeTmp"


Parsed C implicit link information from above output:
  link line regex: [^( *|.*[/\])(ld|([^/\]+-)?ld|collect2)[^/\]*( |$)]
  ignore line: [Change Dir: /home/amministratore/Scrivania/non eliminare se non siete costretti/trova palle/CMakeFiles/CMakeTmp]
  ignore line: []
  ignore line: [Run Build Command:/usr/bin/make "cmTryCompileExec2025898126/fast"]
  ignore line: [/usr/bin/make -f CMakeFiles/cmTryCompileExec2025898126.dir/build.make CMakeFiles/cmTryCompileExec2025898126.dir/build]
  ignore line: [make[1]: ingresso nella directory "/home/amministratore/Scrivania/non eliminare se non siete costretti/trova palle/CMakeFiles/CMakeTmp"]
  ignore line: [/usr/bin/cmake -E cmake_progress_report "/home/amministratore/Scrivania/non eliminare se non siete costretti/trova palle/CMakeFiles/CMakeTmp/CMakeFiles" 1]
  ignore line: [Building C object CMakeFiles/cmTryCompileExec2025898126.dir/CMakeCCompilerABI.c.o]
  ignore line: [/usr/bin/cc    -o CMakeFiles/cmTryCompileExec2025898126.dir/CMakeCCompilerABI.c.o   -c /usr/share/cmake-2.8/Modules/CMakeCCompilerABI.c]
  ignore line: [Linking C executable cmTryCompileExec2025898126]
  ignore line: [/usr/bin/cmake -E cmake_link_script CMakeFiles/cmTryCompileExec2025898126.dir/link.txt --verbose=1]
  ignore line: [/usr/bin/cc     -v CMakeFiles/cmTryCompileExec2025898126.dir/CMakeCCompilerABI.c.o  -o cmTryCompileExec2025898126 -rdynamic  ]
  ignore line: [Using built-in specs.]
  ignore line: [COLLECT_GCC=/usr/bin/cc]
  ignore line: [COLLECT_LTO_WRAPPER=/usr/lib/gcc/i686-linux-gnu/4.8/lto-wrapper]
  ignore line: [Target: i686-linux-gnu]
  ignore line: [Configured with: ../src/configure -v --with-pkgversion='Ubuntu 4.8.4-2ubuntu1~14.04' --with-bugurl=file:///usr/share/doc/gcc-4.8/README.Bugs --enable-languages=c,c++,java,go,d,fortran,objc,obj-c++ --prefix=/usr --program-suffix=-4.8 --enable-shared --enable-linker-build-id --libexecdir=/usr/lib --without-included-gettext --enable-threads=posix --with-gxx-include-dir=/usr/include/c++/4.8 --libdir=/usr/lib --enable-nls --with-sysroot=/ --enable-clocale=gnu --enable-libstdcxx-debug --enable-libstdcxx-time=yes --enable-gnu-unique-object --disable-libmudflap --enable-plugin --with-system-zlib --disable-browser-plugin --enable-java-awt=gtk --enable-gtk-cairo --with-java-home=/usr/lib/jvm/java-1.5.0-gcj-4.8-i386/jre --enable-java-home --with-jvm-root-dir=/usr/lib/jvm/java-1.5.0-gcj-4.8-i386 --with-jvm-jar-dir=/usr/lib/jvm-exports/java-1.5.0-gcj-4.8-i386 --with-arch-directory=i386 --with-ecj-jar=/usr/share/java/eclipse-ecj.jar --enable-objc-gc --enable-targets=all --enable-multiarch --disable-werror --with-arch-32=i686 --with-multilib-list=m32,m64,mx32 --with-tune=generic --enable-checking=release --build=i686-linux-gnu --host=i686-linux-gnu --target=i686-linux-gnu]
  ignore line: [Thread model: posix]
  ignore line: [gcc version 4.8.4 (Ubuntu 4.8.4-2ubuntu1~14.04) ]
  ignore line: [COMPILER_PATH=/usr/lib/gcc/i686-linux-gnu/4.8/:/usr/lib/gcc/i686-linux-gnu/4.8/:/usr/lib/gcc/i686-linux-gnu/:/usr/lib/gcc/i686-linux-gnu/4.8/:/usr/lib/gcc/i686-linux-gnu/]
  ignore line: [LIBRARY_PATH=/usr/lib/gcc/i686-linux-gnu/4.8/:/usr/lib/gcc/i686-linux-gnu/4.8/../../../i386-linux-gnu/:/usr/lib/gcc/i686-linux-gnu/4.8/../../../../lib/:/lib/i386-linux-gnu/:/lib/../lib/:/usr/lib/i386-linux-gnu/:/usr/lib/../lib/:/usr/lib/gcc/i686-linux-gnu/4.8/../../../:/lib/:/usr/lib/]
  ignore line: [COLLECT_GCC_OPTIONS='-v' '-o' 'cmTryCompileExec2025898126' '-rdynamic' '-mtune=generic' '-march=i686']
  link line: [ /usr/lib/gcc/i686-linux-gnu/4.8/collect2 --sysroot=/ --build-id --eh-frame-hdr -m elf_i386 --hash-style=gnu --as-needed -export-dynamic -dynamic-linker /lib/ld-linux.so.2 -z relro -o cmTryCompileExec2025898126 /usr/lib/gcc/i686-linux-gnu/4.8/../../../i386-linux-gnu/crt1.o /usr/lib/gcc/i686-linux-gnu/4.8/../../../i386-linux-gnu/crti.o /usr/lib/gcc/i686-linux-gnu/4.8/crtbegin.o -L/usr/lib/gcc/i686-linux-gnu/4.8 -L/usr/lib/gcc/i686-linux-gnu/4.8/../../../i386-linux-gnu -L/usr/lib/gcc/i686-linux-gnu/4.8/../../../../lib -L/lib/i386-linux-gnu -L/lib/../lib -L/usr/lib/i386-linux-gnu -L/usr/lib/../lib -L/usr/lib/gcc/i686-linux-gnu/4.8/../../.. CMakeFiles/cmTryCompileExec2025898126.dir/CMakeCCompilerABI.c.o -lgcc --as-needed -lgcc_s --no-as-needed -lc -lgcc --as-needed -lgcc_s --no-as-needed /usr/lib/gcc/i686-linux-gnu/4.8/crtend.o /usr/lib/gcc/i686-linux-gnu/4.8/../../../i386-linux-gnu/crtn.o]
    arg [/usr/lib/gcc/i686-linux-gnu/4.8/collect2] ==> ignore
    arg [--sysroot=/] ==> ignore
    arg [--build-id] ==> ignore
    arg [--eh-frame-hdr] ==> ignore
    arg [-m] ==> ignore
    arg [elf_i386] ==> ignore
    arg [--hash-style=gnu] ==> ignore
    arg [--as-needed] ==> ignore
    arg [-export-dynamic] ==> ignore
    arg [-dynamic-linker] ==> ignore
    arg [/lib/ld-linux.so.2] ==> ignore
    arg [-zrelro] ==> ignore
    arg [-o] ==> ignore
    arg [cmTryCompileExec2025898126] ==> ignore
    arg [/usr/lib/gcc/i686-linux-gnu/4.8/../../../i386-linux-gnu/crt1.o] ==> ignore
    arg [/usr/lib/gcc/i686-linux-gnu/4.8/../../../i386-linux-gnu/crti.o] ==> ignore
    arg [/usr/lib/gcc/i686-linux-gnu/4.8/crtbegin.o] ==> ignore
    arg [-L/usr/lib/gcc/i686-linux-gnu/4.8] ==> dir [/usr/lib/gcc/i686-linux-gnu/4.8]
    arg [-L/usr/lib/gcc/i686-linux-gnu/4.8/../../../i386-linux-gnu] ==> dir [/usr/lib/gcc/i686-linux-gnu/4.8/../../../i386-linux-gnu]
    arg [-L/usr/lib/gcc/i686-linux-gnu/4.8/../../../../lib] ==> dir [/usr/lib/gcc/i686-linux-gnu/4.8/../../../../lib]
    arg [-L/lib/i386-linux-gnu] ==> dir [/lib/i386-linux-gnu]
    arg [-L/lib/../lib] ==> dir [/lib/../lib]
    arg [-L/usr/lib/i386-linux-gnu] ==> dir [/usr/lib/i386-linux-gnu]
    arg [-L/usr/lib/../lib] ==> dir [/usr/lib/../lib]
    arg [-L/usr/lib/gcc/i686-linux-gnu/4.8/../../..] ==> dir [/usr/lib/gcc/i686-linux-gnu/4.8/../../..]
    arg [CMakeFiles/cmTryCompileExec2025898126.dir/CMakeCCompilerABI.c.o] ==> ignore
    arg [-lgcc] ==> lib [gcc]
    arg [--as-needed] ==> ignore
    arg [-lgcc_s] ==> lib [gcc_s]
    arg [--no-as-needed] ==> ignore
    arg [-lc] ==> lib [c]
    arg [-lgcc] ==> lib [gcc]
    arg [--as-needed] ==> ignore
    arg [-lgcc_s] ==> lib [gcc_s]
    arg [--no-as-needed] ==> ignore
    arg [/usr/lib/gcc/i686-linux-gnu/4.8/crtend.o] ==> ignore
    arg [/usr/lib/gcc/i686-linux-gnu/4.8/../../../i386-linux-gnu/crtn.o] ==> ignore
  remove lib [gcc]
  remove lib [gcc_s]
  remove lib [gcc]
  remove lib [gcc_s]
  collapse library dir [/usr/lib/gcc/i686-linux-gnu/4.8] ==> [/usr/lib/gcc/i686-linux-gnu/4.8]
  collapse library dir [/usr/lib/gcc/i686-linux-gnu/4.8/../../../i386-linux-gnu] ==> [/usr/lib/i386-linux-gnu]
  collapse library dir [/usr/lib/gcc/i686-linux-gnu/4.8/../../../../lib] ==> [/usr/lib]
  collapse library dir [/lib/i386-linux-gnu] ==> [/lib/i386-linux-gnu]
  collapse library dir [/lib/../lib] ==> [/lib]
  collapse library dir [/usr/lib/i386-linux-gnu] ==> [/usr/lib/i386-linux-gnu]
  collapse library dir [/usr/lib/../lib] ==> [/usr/lib]
  collapse library dir [/usr/lib/gcc/i686-linux-gnu/4.8/../../..] ==> [/usr/lib]
  implicit libs: [c]
  implicit dirs: [/usr/lib/gcc/i686-linux-gnu/4.8;/usr/lib/i386-linux-gnu;/usr/lib;/lib/i386-linux-gnu;/lib]
  implicit fwks: []


Determining if the CXX compiler works passed with the following output:
Change Dir: /home/amministratore/Scrivania/non eliminare se non siete costretti/trova palle/CMakeFiles/CMakeTmp

Run Build Command:/usr/bin/make "cmTryCompileExec2316662600/fast"
/usr/bin/make -f CMakeFiles/cmTryCompileExec2316662600.dir/build.make CMakeFiles/cmTryCompileExec2316662600.dir/build
make[1]: ingresso nella directory "/home/amministratore/Scrivania/non eliminare se non siete costretti/trova palle/CMakeFiles/CMakeTmp"
/usr/bin/cmake -E cmake_progress_report "/home/amministratore/Scrivania/non eliminare se non siete costretti/trova palle/CMakeFiles/CMakeTmp/CMakeFiles" 1
Building CXX object CMakeFiles/cmTryCompileExec2316662600.dir/testCXXCompiler.cxx.o
/usr/bin/c++     -o CMakeFiles/cmTryCompileExec2316662600.dir/testCXXCompiler.cxx.o -c "/home/amministratore/Scrivania/non eliminare se non siete costretti/trova palle/CMakeFiles/CMakeTmp/testCXXCompiler.cxx"
Linking CXX executable cmTryCompileExec2316662600
/usr/bin/cmake -E cmake_link_script CMakeFiles/cmTryCompileExec2316662600.dir/link.txt --verbose=1
/usr/bin/c++        CMakeFiles/cmTryCompileExec2316662600.dir/testCXXCompiler.cxx.o  -o cmTryCompileExec2316662600 -rdynamic 
make[1]: uscita dalla directory "/home/amministratore/Scrivania/non eliminare se non siete costretti/trova palle/CMakeFiles/CMakeTmp"


Detecting CXX compiler ABI info compiled with the following output:
Change Dir: /home/amministratore/Scrivania/non eliminare se non siete costretti/trova palle/CMakeFiles/CMakeTmp

Run Build Command:/usr/bin/make "cmTryCompileExec4207555835/fast"
/usr/bin/make -f CMakeFiles/cmTryCompileExec4207555835.dir/build.make CMakeFiles/cmTryCompileExec4207555835.dir/build
make[1]: ingresso nella directory "/home/amministratore/Scrivania/non eliminare se non siete costretti/trova palle/CMakeFiles/CMakeTmp"
/usr/bin/cmake -E cmake_progress_report "/home/amministratore/Scrivania/non eliminare se non siete costretti/trova palle/CMakeFiles/CMakeTmp/CMakeFiles" 1
Building CXX object CMakeFiles/cmTryCompileExec4207555835.dir/CMakeCXXCompilerABI.cpp.o
/usr/bin/c++     -o CMakeFiles/cmTryCompileExec4207555835.dir/CMakeCXXCompilerABI.cpp.o -c /usr/share/cmake-2.8/Modules/CMakeCXXCompilerABI.cpp
Linking CXX executable cmTryCompileExec4207555835
/usr/bin/cmake -E cmake_link_script CMakeFiles/cmTryCompileExec4207555835.dir/link.txt --verbose=1
/usr/bin/c++      -v CMakeFiles/cmTryCompileExec4207555835.dir/CMakeCXXCompilerABI.cpp.o  -o cmTryCompileExec4207555835 -rdynamic  
Using built-in specs.
COLLECT_GCC=/usr/bin/c++
COLLECT_LTO_WRAPPER=/usr/lib/gcc/i686-linux-gnu/4.8/lto-wrapper
Target: i686-linux-gnu
Configured with: ../src/configure -v --with-pkgversion='Ubuntu 4.8.4-2ubuntu1~14.04' --with-bugurl=file:///usr/share/doc/gcc-4.8/README.Bugs --enable-languages=c,c++,java,go,d,fortran,objc,obj-c++ --prefix=/usr --program-suffix=-4.8 --enable-shared --enable-linker-build-id --libexecdir=/usr/lib --without-included-gettext --enable-threads=posix --with-gxx-include-dir=/usr/include/c++/4.8 --libdir=/usr/lib --enable-nls --with-sysroot=/ --enable-clocale=gnu --enable-libstdcxx-debug --enable-libstdcxx-time=yes --enable-gnu-unique-object --disable-libmudflap --enable-plugin --with-system-zlib --disable-browser-plugin --enable-java-awt=gtk --enable-gtk-cairo --with-java-home=/usr/lib/jvm/java-1.5.0-gcj-4.8-i386/jre --enable-java-home --with-jvm-root-dir=/usr/lib/jvm/java-1.5.0-gcj-4.8-i386 --with-jvm-jar-dir=/usr/lib/jvm-exports/java-1.5.0-gcj-4.8-i386 --with-arch-directory=i386 --with-ecj-jar=/usr/share/java/eclipse-ecj.jar --enable-objc-gc --enable-targets=all --enable-multiarch --disable-werror --with-arch-32=i686 --with-multilib-list=m32,m64,mx32 --with-tune=generic --enable-checking=release --build=i686-linux-gnu --host=i686-linux-gnu --target=i686-linux-gnu
Thread model: posix
gcc version 4.8.4 (Ubuntu 4.8.4-2ubuntu1~14.04) 
COMPILER_PATH=/usr/lib/gcc/i686-linux-gnu/4.8/:/usr/lib/gcc/i686-linux-gnu/4.8/:/usr/lib/gcc/i686-linux-gnu/:/usr/lib/gcc/i686-linux-gnu/4.8/:/usr/lib/gcc/i686-linux-gnu/
LIBRARY_PATH=/usr/lib/gcc/i686-linux-gnu/4.8/:/usr/lib/gcc/i686-linux-gnu/4.8/../../../i386-linux-gnu/:/usr/lib/gcc/i686-linux-gnu/4.8/../../../../lib/:/lib/i386-linux-gnu/:/lib/../lib/:/usr/lib/i386-linux-gnu/:/usr/lib/../lib/:/usr/lib/gcc/i686-linux-gnu/4.8/../../../:/lib/:/usr/lib/
COLLECT_GCC_OPTIONS='-v' '-o' 'cmTryCompileExec4207555835' '-rdynamic' '-shared-libgcc' '-mtune=generic' '-march=i686'
 /usr/lib/gcc/i686-linux-gnu/4.8/collect2 --sysroot=/ --build-id --eh-frame-hdr -m elf_i386 --hash-style=gnu --as-needed -export-dynamic -dynamic-linker /lib/ld-linux.so.2 -z relro -o cmTryCompileExec4207555835 /usr/lib/gcc/i686-linux-gnu/4.8/../../../i386-linux-gnu/crt1.o /usr/lib/gcc/i686-linux-gnu/4.8/../../../i386-linux-gnu/crti.o /usr/lib/gcc/i686-linux-gnu/4.8/crtbegin.o -L/usr/lib/gcc/i686-linux-gnu/4.8 -L/usr/lib/gcc/i686-linux-gnu/4.8/../../../i386-linux-gnu -L/usr/lib/gcc/i686-linux-gnu/4.8/../../../../lib -L/lib/i386-linux-gnu -L/lib/../lib -L/usr/lib/i386-linux-gnu -L/usr/lib/../lib -L/usr/lib/gcc/i686-linux-gnu/4.8/../../.. CMakeFiles/cmTryCompileExec4207555835.dir/CMakeCXXCompilerABI.cpp.o -lstdc++ -lm -lgcc_s -lgcc -lc -lgcc_s -lgcc /usr/lib/gcc/i686-linux-gnu/4.8/crtend.o /usr/lib/gcc/i686-linux-gnu/4.8/../../../i386-linux-gnu/crtn.o
make[1]: uscita dalla directory "/home/amministratore/Scrivania/non eliminare se non siete costretti/trova palle/CMakeFiles/CMakeTmp"


Parsed CXX implicit link information from above output:
  link line regex: [^( *|.*[/\])(ld|([^/\]+-)?ld|collect2)[^/\]*( |$)]
  ignore line: [Change Dir: /home/amministratore/Scrivania/non eliminare se non siete costretti/trova palle/CMakeFiles/CMakeTmp]
  ignore line: []
  ignore line: [Run Build Command:/usr/bin/make "cmTryCompileExec4207555835/fast"]
  ignore line: [/usr/bin/make -f CMakeFiles/cmTryCompileExec4207555835.dir/build.make CMakeFiles/cmTryCompileExec4207555835.dir/build]
  ignore line: [make[1]: ingresso nella directory "/home/amministratore/Scrivania/non eliminare se non siete costretti/trova palle/CMakeFiles/CMakeTmp"]
  ignore line: [/usr/bin/cmake -E cmake_progress_report "/home/amministratore/Scrivania/non eliminare se non siete costretti/trova palle/CMakeFiles/CMakeTmp/CMakeFiles" 1]
  ignore line: [Building CXX object CMakeFiles/cmTryCompileExec4207555835.dir/CMakeCXXCompilerABI.cpp.o]
  ignore line: [/usr/bin/c++     -o CMakeFiles/cmTryCompileExec4207555835.dir/CMakeCXXCompilerABI.cpp.o -c /usr/share/cmake-2.8/Modules/CMakeCXXCompilerABI.cpp]
  ignore line: [Linking CXX executable cmTryCompileExec4207555835]
  ignore line: [/usr/bin/cmake -E cmake_link_script CMakeFiles/cmTryCompileExec4207555835.dir/link.txt --verbose=1]
  ignore line: [/usr/bin/c++      -v CMakeFiles/cmTryCompileExec4207555835.dir/CMakeCXXCompilerABI.cpp.o  -o cmTryCompileExec4207555835 -rdynamic  ]
  ignore line: [Using built-in specs.]
  ignore line: [COLLECT_GCC=/usr/bin/c++]
  ignore line: [COLLECT_LTO_WRAPPER=/usr/lib/gcc/i686-linux-gnu/4.8/lto-wrapper]
  ignore line: [Target: i686-linux-gnu]
  ignore line: [Configured with: ../src/configure -v --with-pkgversion='Ubuntu 4.8.4-2ubuntu1~14.04' --with-bugurl=file:///usr/share/doc/gcc-4.8/README.Bugs --enable-languages=c,c++,java,go,d,fortran,objc,obj-c++ --prefix=/usr --program-suffix=-4.8 --enable-shared --enable-linker-build-id --libexecdir=/usr/lib --without-included-gettext --enable-threads=posix --with-gxx-include-dir=/usr/include/c++/4.8 --libdir=/usr/lib --enable-nls --with-sysroot=/ --enable-clocale=gnu --enable-libstdcxx-debug --enable-libstdcxx-time=yes --enable-gnu-unique-object --disable-libmudflap --enable-plugin --with-system-zlib --disable-browser-plugin --enable-java-awt=gtk --enable-gtk-cairo --with-java-home=/usr/lib/jvm/java-1.5.0-gcj-4.8-i386/jre --enable-java-home --with-jvm-root-dir=/usr/lib/jvm/java-1.5.0-gcj-4.8-i386 --with-jvm-jar-dir=/usr/lib/jvm-exports/java-1.5.0-gcj-4.8-i386 --with-arch-directory=i386 --with-ecj-jar=/usr/share/java/eclipse-ecj.jar --enable-objc-gc --enable-targets=all --enable-multiarch --disable-werror --with-arch-32=i686 --with-multilib-list=m32,m64,mx32 --with-tune=generic --enable-checking=release --build=i686-linux-gnu --host=i686-linux-gnu --target=i686-linux-gnu]
  ignore line: [Thread model: posix]
  ignore line: [gcc version 4.8.4 (Ubuntu 4.8.4-2ubuntu1~14.04) ]
  ignore line: [COMPILER_PATH=/usr/lib/gcc/i686-linux-gnu/4.8/:/usr/lib/gcc/i686-linux-gnu/4.8/:/usr/lib/gcc/i686-linux-gnu/:/usr/lib/gcc/i686-linux-gnu/4.8/:/usr/lib/gcc/i686-linux-gnu/]
  ignore line: [LIBRARY_PATH=/usr/lib/gcc/i686-linux-gnu/4.8/:/usr/lib/gcc/i686-linux-gnu/4.8/../../../i386-linux-gnu/:/usr/lib/gcc/i686-linux-gnu/4.8/../../../../lib/:/lib/i386-linux-gnu/:/lib/../lib/:/usr/lib/i386-linux-gnu/:/usr/lib/../lib/:/usr/lib/gcc/i686-linux-gnu/4.8/../../../:/lib/:/usr/lib/]
  ignore line: [COLLECT_GCC_OPTIONS='-v' '-o' 'cmTryCompileExec4207555835' '-rdynamic' '-shared-libgcc' '-mtune=generic' '-march=i686']
  link line: [ /usr/lib/gcc/i686-linux-gnu/4.8/collect2 --sysroot=/ --build-id --eh-frame-hdr -m elf_i386 --hash-style=gnu --as-needed -export-dynamic -dynamic-linker /lib/ld-linux.so.2 -z relro -o cmTryCompileExec4207555835 /usr/lib/gcc/i686-linux-gnu/4.8/../../../i386-linux-gnu/crt1.o /usr/lib/gcc/i686-linux-gnu/4.8/../../../i386-linux-gnu/crti.o /usr/lib/gcc/i686-linux-gnu/4.8/crtbegin.o -L/usr/lib/gcc/i686-linux-gnu/4.8 -L/usr/lib/gcc/i686-linux-gnu/4.8/../../../i386-linux-gnu -L/usr/lib/gcc/i686-linux-gnu/4.8/../../../../lib -L/lib/i386-linux-gnu -L/lib/../lib -L/usr/lib/i386-linux-gnu -L/usr/lib/../lib -L/usr/lib/gcc/i686-linux-gnu/4.8/../../.. CMakeFiles/cmTryCompileExec4207555835.dir/CMakeCXXCompilerABI.cpp.o -lstdc++ -lm -lgcc_s -lgcc -lc -lgcc_s -lgcc /usr/lib/gcc/i686-linux-gnu/4.8/crtend.o /usr/lib/gcc/i686-linux-gnu/4.8/../../../i386-linux-gnu/crtn.o]
    arg [/usr/lib/gcc/i686-linux-gnu/4.8/collect2] ==> ignore
    arg [--sysroot=/] ==> ignore
    arg [--build-id] ==> ignore
    arg [--eh-frame-hdr] ==> ignore
    arg [-m] ==> ignore
    arg [elf_i386] ==> ignore
    arg [--hash-style=gnu] ==> ignore
    arg [--as-needed] ==> ignore
    arg [-export-dynamic] ==> ignore
    arg [-dynamic-linker] ==> ignore
    arg [/lib/ld-linux.so.2] ==> ignore
    arg [-zrelro] ==> ignore
    arg [-o] ==> ignore
    arg [cmTryCompileExec4207555835] ==> ignore
    arg [/usr/lib/gcc/i686-linux-gnu/4.8/../../../i386-linux-gnu/crt1.o] ==> ignore
    arg [/usr/lib/gcc/i686-linux-gnu/4.8/../../../i386-linux-gnu/crti.o] ==> ignore
    arg [/usr/lib/gcc/i686-linux-gnu/4.8/crtbegin.o] ==> ignore
    arg [-L/usr/lib/gcc/i686-linux-gnu/4.8] ==> dir [/usr/lib/gcc/i686-linux-gnu/4.8]
    arg [-L/usr/lib/gcc/i686-linux-gnu/4.8/../../../i386-linux-gnu] ==> dir [/usr/lib/gcc/i686-linux-gnu/4.8/../../../i386-linux-gnu]
    arg [-L/usr/lib/gcc/i686-linux-gnu/4.8/../../../../lib] ==> dir [/usr/lib/gcc/i686-linux-gnu/4.8/../../../../lib]
    arg [-L/lib/i386-linux-gnu] ==> dir [/lib/i386-linux-gnu]
    arg [-L/lib/../lib] ==> dir [/lib/../lib]
    arg [-L/usr/lib/i386-linux-gnu] ==> dir [/usr/lib/i386-linux-gnu]
    arg [-L/usr/lib/../lib] ==> dir [/usr/lib/../lib]
    arg [-L/usr/lib/gcc/i686-linux-gnu/4.8/../../..] ==> dir [/usr/lib/gcc/i686-linux-gnu/4.8/../../..]
    arg [CMakeFiles/cmTryCompileExec4207555835.dir/CMakeCXXCompilerABI.cpp.o] ==> ignore
    arg [-lstdc++] ==> lib [stdc++]
    arg [-lm] ==> lib [m]
    arg [-lgcc_s] ==> lib [gcc_s]
    arg [-lgcc] ==> lib [gcc]
    arg [-lc] ==> lib [c]
    arg [-lgcc_s] ==> lib [gcc_s]
    arg [-lgcc] ==> lib [gcc]
    arg [/usr/lib/gcc/i686-linux-gnu/4.8/crtend.o] ==> ignore
    arg [/usr/lib/gcc/i686-linux-gnu/4.8/../../../i386-linux-gnu/crtn.o] ==> ignore
  remove lib [gcc_s]
  remove lib [gcc]
  remove lib [gcc_s]
  remove lib [gcc]
  collapse library dir [/usr/lib/gcc/i686-linux-gnu/4.8] ==> [/usr/lib/gcc/i686-linux-gnu/4.8]
  collapse library dir [/usr/lib/gcc/i686-linux-gnu/4.8/../../../i386-linux-gnu] ==> [/usr/lib/i386-linux-gnu]
  collapse library dir [/usr/lib/gcc/i686-linux-gnu/4.8/../../../../lib] ==> [/usr/lib]
  collapse library dir [/lib/i386-linux-gnu] ==> [/lib/i386-linux-gnu]
  collapse library dir [/lib/../lib] ==> [/lib]
  collapse library dir [/usr/lib/i386-linux-gnu] ==> [/usr/lib/i386-linux-gnu]
  collapse library dir [/usr/lib/../lib] ==> [/usr/lib]
  collapse library dir [/usr/lib/gcc/i686-linux-gnu/4.8/../../..] ==> [/usr/lib]
  implicit libs: [stdc++;m;c]
  implicit dirs: [/usr/lib/gcc/i686-linux-gnu/4.8;/usr/lib/i386-linux-gnu;/usr/lib;/lib/i386-linux-gnu;/lib]
  implicit fwks: []


The system is: Linux - 4.1.18-v7+ - armv7l
Compiling the C compiler identification source file "CMakeCCompilerId.c" succeeded.
Compiler: /usr/bin/cc 
Build flags: 
Id flags: 

The output was:
0


Compilation of the C compiler identification source "CMakeCCompilerId.c" produced "a.out"

The C compiler identification is GNU, found in "/home/pi/Documents/robotica/trova palle/CMakeFiles/3.0.2/CompilerIdC/a.out"

Compiling the CXX compiler identification source file "CMakeCXXCompilerId.cpp" succeeded.
Compiler: /usr/bin/c++ 
Build flags: 
Id flags: 

The output was:
0


Compilation of the CXX compiler identification source "CMakeCXXCompilerId.cpp" produced "a.out"

The CXX compiler identification is GNU, found in "/home/pi/Documents/robotica/trova palle/CMakeFiles/3.0.2/CompilerIdCXX/a.out"

Determining if the C compiler works passed with the following output:
Change Dir: /home/pi/Documents/robotica/trova palle/CMakeFiles/CMakeTmp

Run Build Command:"/usr/bin/make" "cmTryCompileExec3645582049/fast"
/usr/bin/make -f CMakeFiles/cmTryCompileExec3645582049.dir/build.make CMakeFiles/cmTryCompileExec3645582049.dir/build
make[1]: Entering directory '/home/pi/Documents/robotica/trova palle/CMakeFiles/CMakeTmp'
/usr/bin/cmake -E cmake_progress_report "/home/pi/Documents/robotica/trova palle/CMakeFiles/CMakeTmp/CMakeFiles" 1
Building C object CMakeFiles/cmTryCompileExec3645582049.dir/testCCompiler.c.o
/usr/bin/cc    -o CMakeFiles/cmTryCompileExec3645582049.dir/testCCompiler.c.o   -c "/home/pi/Documents/robotica/trova palle/CMakeFiles/CMakeTmp/testCCompiler.c"
Linking C executable cmTryCompileExec3645582049
/usr/bin/cmake -E cmake_link_script CMakeFiles/cmTryCompileExec3645582049.dir/link.txt --verbose=1
/usr/bin/cc       CMakeFiles/cmTryCompileExec3645582049.dir/testCCompiler.c.o  -o cmTryCompileExec3645582049 -rdynamic 
make[1]: Leaving directory '/home/pi/Documents/robotica/trova palle/CMakeFiles/CMakeTmp'


Detecting C compiler ABI info compiled with the following output:
Change Dir: /home/pi/Documents/robotica/trova palle/CMakeFiles/CMakeTmp

Run Build Command:"/usr/bin/make" "cmTryCompileExec3784699282/fast"
/usr/bin/make -f CMakeFiles/cmTryCompileExec3784699282.dir/build.make CMakeFiles/cmTryCompileExec3784699282.dir/build
make[1]: Entering directory '/home/pi/Documents/robotica/trova palle/CMakeFiles/CMakeTmp'
/usr/bin/cmake -E cmake_progress_report "/home/pi/Documents/robotica/trova palle/CMakeFiles/CMakeTmp/CMakeFiles" 1
Building C object CMakeFiles/cmTryCompileExec3784699282.dir/CMakeCCompilerABI.c.o
/usr/bin/cc    -o CMakeFiles/cmTryCompileExec3784699282.dir/CMakeCCompilerABI.c.o   -c /usr/share/cmake-3.0/Modules/CMakeCCompilerABI.c
Linking C executable cmTryCompileExec3784699282
/usr/bin/cmake -E cmake_link_script CMakeFiles/cmTryCompileExec3784699282.dir/link.txt --verbose=1
/usr/bin/cc     -v CMakeFiles/cmTryCompileExec3784699282.dir/CMakeCCompilerABI.c.o  -o cmTryCompileExec3784699282 -rdynamic  
Using built-in specs.
COLLECT_GCC=/usr/bin/cc
COLLECT_LTO_WRAPPER=/usr/lib/gcc/arm-linux-gnueabihf/4.9/lto-wrapper
Target: arm-linux-gnueabihf
Configured with: ../src/configure -v --with-pkgversion='Raspbian 4.9.2-10' --with-bugurl=file:///usr/share/doc/gcc-4.9/README.Bugs --enable-languages=c,c++,java,go,d,fortran,objc,obj-c++ --prefix=/usr --program-suffix=-4.9 --enable-shared --enable-linker-build-id --libexecdir=/usr/lib --without-included-gettext --enable-threads=posix --with-gxx-include-dir=/usr/include/c++/4.9 --libdir=/usr/lib --enable-nls --with-sysroot=/ --enable-clocale=gnu --enable-libstdcxx-debug --enable-libstdcxx-time=yes --enable-gnu-unique-object --disable-libitm --disable-libquadmath --enable-plugin --with-system-zlib --disable-browser-plugin --enable-java-awt=gtk --enable-gtk-cairo --with-java-home=/usr/lib/jvm/java-1.5.0-gcj-4.9-armhf/jre --enable-java-home --with-jvm-root-dir=/usr/lib/jvm/java-1.5.0-gcj-4.9-armhf --with-jvm-jar-dir=/usr/lib/jvm-exports/java-1.5.0-gcj-4.9-armhf --with-arch-directory=arm --with-ecj-jar=/usr/share/java/eclipse-ecj.jar --enable-objc-gc --enable-multiarch --disable-sjlj-exceptions --with-arch=armv6 --with-fpu=vfp --with-float=hard --enable-checking=release --build=arm-linux-gnueabihf --host=arm-linux-gnueabihf --target=arm-linux-gnueabihf
Thread model: posix
gcc version 4.9.2 (Raspbian 4.9.2-10) 
COMPILER_PATH=/usr/lib/gcc/arm-linux-gnueabihf/4.9/:/usr/lib/gcc/arm-linux-gnueabihf/4.9/:/usr/lib/gcc/arm-linux-gnueabihf/:/usr/lib/gcc/arm-linux-gnueabihf/4.9/:/usr/lib/gcc/arm-linux-gnueabihf/
LIBRARY_PATH=/usr/lib/gcc/arm-linux-gnueabihf/4.9/:/usr/lib/gcc/arm-linux-gnueabihf/4.9/../../../arm-linux-gnueabihf/:/usr/lib/gcc/arm-linux-gnueabihf/4.9/../../../:/lib/arm-linux-gnueabihf/:/lib/:/usr/lib/arm-linux-gnueabihf/:/usr/lib/
COLLECT_GCC_OPTIONS='-v' '-o' 'cmTryCompileExec3784699282' '-rdynamic' '-march=armv6' '-mfloat-abi=hard' '-mfpu=vfp' '-mtls-dialect=gnu'
 /usr/lib/gcc/arm-linux-gnueabihf/4.9/collect2 -plugin /usr/lib/gcc/arm-linux-gnueabihf/4.9/liblto_plugin.so -plugin-opt=/usr/lib/gcc/arm-linux-gnueabihf/4.9/lto-wrapper -plugin-opt=-fresolution=/tmp/ccJ8xSSU.res -plugin-opt=-pass-through=-lgcc -plugin-opt=-pass-through=-lgcc_s -plugin-opt=-pass-through=-lc -plugin-opt=-pass-through=-lgcc -plugin-opt=-pass-through=-lgcc_s --sysroot=/ --build-id --eh-frame-hdr -export-dynamic -dynamic-linker /lib/ld-linux-armhf.so.3 -X --hash-style=gnu -m armelf_linux_eabi -o cmTryCompileExec3784699282 /usr/lib/gcc/arm-linux-gnueabihf/4.9/../../../arm-linux-gnueabihf/crt1.o /usr/lib/gcc/arm-linux-gnueabihf/4.9/../../../arm-linux-gnueabihf/crti.o /usr/lib/gcc/arm-linux-gnueabihf/4.9/crtbegin.o -L/usr/lib/gcc/arm-linux-gnueabihf/4.9 -L/usr/lib/gcc/arm-linux-gnueabihf/4.9/../../../arm-linux-gnueabihf -L/usr/lib/gcc/arm-linux-gnueabihf/4.9/../../.. -L/lib/arm-linux-gnueabihf -L/usr/lib/arm-linux-gnueabihf CMakeFiles/cmTryCompileExec3784699282.dir/CMakeCCompilerABI.c.o -lgcc --as-needed -lgcc_s --no-as-needed -lc -lgcc --as-needed -lgcc_s --no-as-needed /usr/lib/gcc/arm-linux-gnueabihf/4.9/crtend.o /usr/lib/gcc/arm-linux-gnueabihf/4.9/../../../arm-linux-gnueabihf/crtn.o
make[1]: Leaving directory '/home/pi/Documents/robotica/trova palle/CMakeFiles/CMakeTmp'


Parsed C implicit link information from above output:
  link line regex: [^( *|.*[/\])(ld|([^/\]+-)?ld|collect2)[^/\]*( |$)]
  ignore line: [Change Dir: /home/pi/Documents/robotica/trova palle/CMakeFiles/CMakeTmp]
  ignore line: []
  ignore line: [Run Build Command:"/usr/bin/make" "cmTryCompileExec3784699282/fast"]
  ignore line: [/usr/bin/make -f CMakeFiles/cmTryCompileExec3784699282.dir/build.make CMakeFiles/cmTryCompileExec3784699282.dir/build]
  ignore line: [make[1]: Entering directory '/home/pi/Documents/robotica/trova palle/CMakeFiles/CMakeTmp']
  ignore line: [/usr/bin/cmake -E cmake_progress_report "/home/pi/Documents/robotica/trova palle/CMakeFiles/CMakeTmp/CMakeFiles" 1]
  ignore line: [Building C object CMakeFiles/cmTryCompileExec3784699282.dir/CMakeCCompilerABI.c.o]
  ignore line: [/usr/bin/cc    -o CMakeFiles/cmTryCompileExec3784699282.dir/CMakeCCompilerABI.c.o   -c /usr/share/cmake-3.0/Modules/CMakeCCompilerABI.c]
  ignore line: [Linking C executable cmTryCompileExec3784699282]
  ignore line: [/usr/bin/cmake -E cmake_link_script CMakeFiles/cmTryCompileExec3784699282.dir/link.txt --verbose=1]
  ignore line: [/usr/bin/cc     -v CMakeFiles/cmTryCompileExec3784699282.dir/CMakeCCompilerABI.c.o  -o cmTryCompileExec3784699282 -rdynamic  ]
  ignore line: [Using built-in specs.]
  ignore line: [COLLECT_GCC=/usr/bin/cc]
  ignore line: [COLLECT_LTO_WRAPPER=/usr/lib/gcc/arm-linux-gnueabihf/4.9/lto-wrapper]
  ignore line: [Target: arm-linux-gnueabihf]
  ignore line: [Configured with: ../src/configure -v --with-pkgversion='Raspbian 4.9.2-10' --with-bugurl=file:///usr/share/doc/gcc-4.9/README.Bugs --enable-languages=c,c++,java,go,d,fortran,objc,obj-c++ --prefix=/usr --program-suffix=-4.9 --enable-shared --enable-linker-build-id --libexecdir=/usr/lib --without-included-gettext --enable-threads=posix --with-gxx-include-dir=/usr/include/c++/4.9 --libdir=/usr/lib --enable-nls --with-sysroot=/ --enable-clocale=gnu --enable-libstdcxx-debug --enable-libstdcxx-time=yes --enable-gnu-unique-object --disable-libitm --disable-libquadmath --enable-plugin --with-system-zlib --disable-browser-plugin --enable-java-awt=gtk --enable-gtk-cairo --with-java-home=/usr/lib/jvm/java-1.5.0-gcj-4.9-armhf/jre --enable-java-home --with-jvm-root-dir=/usr/lib/jvm/java-1.5.0-gcj-4.9-armhf --with-jvm-jar-dir=/usr/lib/jvm-exports/java-1.5.0-gcj-4.9-armhf --with-arch-directory=arm --with-ecj-jar=/usr/share/java/eclipse-ecj.jar --enable-objc-gc --enable-multiarch --disable-sjlj-exceptions --with-arch=armv6 --with-fpu=vfp --with-float=hard --enable-checking=release --build=arm-linux-gnueabihf --host=arm-linux-gnueabihf --target=arm-linux-gnueabihf]
  ignore line: [Thread model: posix]
  ignore line: [gcc version 4.9.2 (Raspbian 4.9.2-10) ]
  ignore line: [COMPILER_PATH=/usr/lib/gcc/arm-linux-gnueabihf/4.9/:/usr/lib/gcc/arm-linux-gnueabihf/4.9/:/usr/lib/gcc/arm-linux-gnueabihf/:/usr/lib/gcc/arm-linux-gnueabihf/4.9/:/usr/lib/gcc/arm-linux-gnueabihf/]
  ignore line: [LIBRARY_PATH=/usr/lib/gcc/arm-linux-gnueabihf/4.9/:/usr/lib/gcc/arm-linux-gnueabihf/4.9/../../../arm-linux-gnueabihf/:/usr/lib/gcc/arm-linux-gnueabihf/4.9/../../../:/lib/arm-linux-gnueabihf/:/lib/:/usr/lib/arm-linux-gnueabihf/:/usr/lib/]
  ignore line: [COLLECT_GCC_OPTIONS='-v' '-o' 'cmTryCompileExec3784699282' '-rdynamic' '-march=armv6' '-mfloat-abi=hard' '-mfpu=vfp' '-mtls-dialect=gnu']
  link line: [ /usr/lib/gcc/arm-linux-gnueabihf/4.9/collect2 -plugin /usr/lib/gcc/arm-linux-gnueabihf/4.9/liblto_plugin.so -plugin-opt=/usr/lib/gcc/arm-linux-gnueabihf/4.9/lto-wrapper -plugin-opt=-fresolution=/tmp/ccJ8xSSU.res -plugin-opt=-pass-through=-lgcc -plugin-opt=-pass-through=-lgcc_s -plugin-opt=-pass-through=-lc -plugin-opt=-pass-through=-lgcc -plugin-opt=-pass-through=-lgcc_s --sysroot=/ --build-id --eh-frame-hdr -export-dynamic -dynamic-linker /lib/ld-linux-armhf.so.3 -X --hash-style=gnu -m armelf_linux_eabi -o cmTryCompileExec3784699282 /usr/lib/gcc/arm-linux-gnueabihf/4.9/../../../arm-linux-gnueabihf/crt1.o /usr/lib/gcc/arm-linux-gnueabihf/4.9/../../../arm-linux-gnueabihf/crti.o /usr/lib/gcc/arm-linux-gnueabihf/4.9/crtbegin.o -L/usr/lib/gcc/arm-linux-gnueabihf/4.9 -L/usr/lib/gcc/arm-linux-gnueabihf/4.9/../../../arm-linux-gnueabihf -L/usr/lib/gcc/arm-linux-gnueabihf/4.9/../../.. -L/lib/arm-linux-gnueabihf -L/usr/lib/arm-linux-gnueabihf CMakeFiles/cmTryCompileExec3784699282.dir/CMakeCCompilerABI.c.o -lgcc --as-needed -lgcc_s --no-as-needed -lc -lgcc --as-needed -lgcc_s --no-as-needed /usr/lib/gcc/arm-linux-gnueabihf/4.9/crtend.o /usr/lib/gcc/arm-linux-gnueabihf/4.9/../../../arm-linux-gnueabihf/crtn.o]
    arg [/usr/lib/gcc/arm-linux-gnueabihf/4.9/collect2] ==> ignore
    arg [-plugin] ==> ignore
    arg [/usr/lib/gcc/arm-linux-gnueabihf/4.9/liblto_plugin.so] ==> ignore
    arg [-plugin-opt=/usr/lib/gcc/arm-linux-gnueabihf/4.9/lto-wrapper] ==> ignore
    arg [-plugin-opt=-fresolution=/tmp/ccJ8xSSU.res] ==> ignore
    arg [-plugin-opt=-pass-through=-lgcc] ==> ignore
    arg [-plugin-opt=-pass-through=-lgcc_s] ==> ignore
    arg [-plugin-opt=-pass-through=-lc] ==> ignore
    arg [-plugin-opt=-pass-through=-lgcc] ==> ignore
    arg [-plugin-opt=-pass-through=-lgcc_s] ==> ignore
    arg [--sysroot=/] ==> ignore
    arg [--build-id] ==> ignore
    arg [--eh-frame-hdr] ==> ignore
    arg [-export-dynamic] ==> ignore
    arg [-dynamic-linker] ==> ignore
    arg [/lib/ld-linux-armhf.so.3] ==> ignore
    arg [-X] ==> ignore
    arg [--hash-style=gnu] ==> ignore
    arg [-m] ==> ignore
    arg [armelf_linux_eabi] ==> ignore
    arg [-o] ==> ignore
    arg [cmTryCompileExec3784699282] ==> ignore
    arg [/usr/lib/gcc/arm-linux-gnueabihf/4.9/../../../arm-linux-gnueabihf/crt1.o] ==> ignore
    arg [/usr/lib/gcc/arm-linux-gnueabihf/4.9/../../../arm-linux-gnueabihf/crti.o] ==> ignore
    arg [/usr/lib/gcc/arm-linux-gnueabihf/4.9/crtbegin.o] ==> ignore
    arg [-L/usr/lib/gcc/arm-linux-gnueabihf/4.9] ==> dir [/usr/lib/gcc/arm-linux-gnueabihf/4.9]
    arg [-L/usr/lib/gcc/arm-linux-gnueabihf/4.9/../../../arm-linux-gnueabihf] ==> dir [/usr/lib/gcc/arm-linux-gnueabihf/4.9/../../../arm-linux-gnueabihf]
    arg [-L/usr/lib/gcc/arm-linux-gnueabihf/4.9/../../..] ==> dir [/usr/lib/gcc/arm-linux-gnueabihf/4.9/../../..]
    arg [-L/lib/arm-linux-gnueabihf] ==> dir [/lib/arm-linux-gnueabihf]
    arg [-L/usr/lib/arm-linux-gnueabihf] ==> dir [/usr/lib/arm-linux-gnueabihf]
    arg [CMakeFiles/cmTryCompileExec3784699282.dir/CMakeCCompilerABI.c.o] ==> ignore
    arg [-lgcc] ==> lib [gcc]
    arg [--as-needed] ==> ignore
    arg [-lgcc_s] ==> lib [gcc_s]
    arg [--no-as-needed] ==> ignore
    arg [-lc] ==> lib [c]
    arg [-lgcc] ==> lib [gcc]
    arg [--as-needed] ==> ignore
    arg [-lgcc_s] ==> lib [gcc_s]
    arg [--no-as-needed] ==> ignore
    arg [/usr/lib/gcc/arm-linux-gnueabihf/4.9/crtend.o] ==> ignore
    arg [/usr/lib/gcc/arm-linux-gnueabihf/4.9/../../../arm-linux-gnueabihf/crtn.o] ==> ignore
  remove lib [gcc]
  remove lib [gcc_s]
  remove lib [gcc]
  remove lib [gcc_s]
  collapse library dir [/usr/lib/gcc/arm-linux-gnueabihf/4.9] ==> [/usr/lib/gcc/arm-linux-gnueabihf/4.9]
  collapse library dir [/usr/lib/gcc/arm-linux-gnueabihf/4.9/../../../arm-linux-gnueabihf] ==> [/usr/lib/arm-linux-gnueabihf]
  collapse library dir [/usr/lib/gcc/arm-linux-gnueabihf/4.9/../../..] ==> [/usr/lib]
  collapse library dir [/lib/arm-linux-gnueabihf] ==> [/lib/arm-linux-gnueabihf]
  collapse library dir [/usr/lib/arm-linux-gnueabihf] ==> [/usr/lib/arm-linux-gnueabihf]
  implicit libs: [c]
  implicit dirs: [/usr/lib/gcc/arm-linux-gnueabihf/4.9;/usr/lib/arm-linux-gnueabihf;/usr/lib;/lib/arm-linux-gnueabihf]
  implicit fwks: []


Determining if the CXX compiler works passed with the following output:
Change Dir: /home/pi/Documents/robotica/trova palle/CMakeFiles/CMakeTmp

Run Build Command:"/usr/bin/make" "cmTryCompileExec1980276598/fast"
/usr/bin/make -f CMakeFiles/cmTryCompileExec1980276598.dir/build.make CMakeFiles/cmTryCompileExec1980276598.dir/build
make[1]: Entering directory '/home/pi/Documents/robotica/trova palle/CMakeFiles/CMakeTmp'
/usr/bin/cmake -E cmake_progress_report "/home/pi/Documents/robotica/trova palle/CMakeFiles/CMakeTmp/CMakeFiles" 1
Building CXX object CMakeFiles/cmTryCompileExec1980276598.dir/testCXXCompiler.cxx.o
/usr/bin/c++     -o CMakeFiles/cmTryCompileExec1980276598.dir/testCXXCompiler.cxx.o -c "/home/pi/Documents/robotica/trova palle/CMakeFiles/CMakeTmp/testCXXCompiler.cxx"
Linking CXX executable cmTryCompileExec1980276598
/usr/bin/cmake -E cmake_link_script CMakeFiles/cmTryCompileExec1980276598.dir/link.txt --verbose=1
/usr/bin/c++        CMakeFiles/cmTryCompileExec1980276598.dir/testCXXCompiler.cxx.o  -o cmTryCompileExec1980276598 -rdynamic 
make[1]: Leaving directory '/home/pi/Documents/robotica/trova palle/CMakeFiles/CMakeTmp'


Detecting CXX compiler ABI info compiled with the following output:
Change Dir: /home/pi/Documents/robotica/trova palle/CMakeFiles/CMakeTmp

Run Build Command:"/usr/bin/make" "cmTryCompileExec1127159485/fast"
/usr/bin/make -f CMakeFiles/cmTryCompileExec1127159485.dir/build.make CMakeFiles/cmTryCompileExec1127159485.dir/build
make[1]: Entering directory '/home/pi/Documents/robotica/trova palle/CMakeFiles/CMakeTmp'
/usr/bin/cmake -E cmake_progress_report "/home/pi/Documents/robotica/trova palle/CMakeFiles/CMakeTmp/CMakeFiles" 1
Building CXX object CMakeFiles/cmTryCompileExec1127159485.dir/CMakeCXXCompilerABI.cpp.o
/usr/bin/c++     -o CMakeFiles/cmTryCompileExec1127159485.dir/CMakeCXXCompilerABI.cpp.o -c /usr/share/cmake-3.0/Modules/CMakeCXXCompilerABI.cpp
Linking CXX executable cmTryCompileExec1127159485
/usr/bin/cmake -E cmake_link_script CMakeFiles/cmTryCompileExec1127159485.dir/link.txt --verbose=1
/usr/bin/c++      -v CMakeFiles/cmTryCompileExec1127159485.dir/CMakeCXXCompilerABI.cpp.o  -o cmTryCompileExec1127159485 -rdynamic  
Using built-in specs.
COLLECT_GCC=/usr/bin/c++
COLLECT_LTO_WRAPPER=/usr/lib/gcc/arm-linux-gnueabihf/4.9/lto-wrapper
Target: arm-linux-gnueabihf
Configured with: ../src/configure -v --with-pkgversion='Raspbian 4.9.2-10' --with-bugurl=file:///usr/share/doc/gcc-4.9/README.Bugs --enable-languages=c,c++,java,go,d,fortran,objc,obj-c++ --prefix=/usr --program-suffix=-4.9 --enable-shared --enable-linker-build-id --libexecdir=/usr/lib --without-included-gettext --enable-threads=posix --with-gxx-include-dir=/usr/include/c++/4.9 --libdir=/usr/lib --enable-nls --with-sysroot=/ --enable-clocale=gnu --enable-libstdcxx-debug --enable-libstdcxx-time=yes --enable-gnu-unique-object --disable-libitm --disable-libquadmath --enable-plugin --with-system-zlib --disable-browser-plugin --enable-java-awt=gtk --enable-gtk-cairo --with-java-home=/usr/lib/jvm/java-1.5.0-gcj-4.9-armhf/jre --enable-java-home --with-jvm-root-dir=/usr/lib/jvm/java-1.5.0-gcj-4.9-armhf --with-jvm-jar-dir=/usr/lib/jvm-exports/java-1.5.0-gcj-4.9-armhf --with-arch-directory=arm --with-ecj-jar=/usr/share/java/eclipse-ecj.jar --enable-objc-gc --enable-multiarch --disable-sjlj-exceptions --with-arch=armv6 --with-fpu=vfp --with-float=hard --enable-checking=release --build=arm-linux-gnueabihf --host=arm-linux-gnueabihf --target=arm-linux-gnueabihf
Thread model: posix
gcc version 4.9.2 (Raspbian 4.9.2-10) 
COMPILER_PATH=/usr/lib/gcc/arm-linux-gnueabihf/4.9/:/usr/lib/gcc/arm-linux-gnueabihf/4.9/:/usr/lib/gcc/arm-linux-gnueabihf/:/usr/lib/gcc/arm-linux-gnueabihf/4.9/:/usr/lib/gcc/arm-linux-gnueabihf/
LIBRARY_PATH=/usr/lib/gcc/arm-linux-gnueabihf/4.9/:/usr/lib/gcc/arm-linux-gnueabihf/4.9/../../../arm-linux-gnueabihf/:/usr/lib/gcc/arm-linux-gnueabihf/4.9/../../../:/lib/arm-linux-gnueabihf/:/lib/:/usr/lib/arm-linux-gnueabihf/:/usr/lib/
COLLECT_GCC_OPTIONS='-v' '-o' 'cmTryCompileExec1127159485' '-rdynamic' '-shared-libgcc' '-march=armv6' '-mfloat-abi=hard' '-mfpu=vfp' '-mtls-dialect=gnu'
 /usr/lib/gcc/arm-linux-gnueabihf/4.9/collect2 -plugin /usr/lib/gcc/arm-linux-gnueabihf/4.9/liblto_plugin.so -plugin-opt=/usr/lib/gcc/arm-linux-gnueabihf/4.9/lto-wrapper -plugin-opt=-fresolution=/tmp/ccyNmeZS.res -plugin-opt=-pass-through=-lgcc_s -plugin-opt=-pass-through=-lgcc -plugin-opt=-pass-through=-lc -plugin-opt=-pass-through=-lgcc_s -plugin-opt=-pass-through=-lgcc --sysroot=/ --build-id --eh-frame-hdr -export-dynamic -dynamic-linker /lib/ld-linux-armhf.so.3 -X --hash-style=gnu -m armelf_linux_eabi -o cmTryCompileExec1127159485 /usr/lib/gcc/arm-linux-gnueabihf/4.9/../../../arm-linux-gnueabihf/crt1.o /usr/lib/gcc/arm-linux-gnueabihf/4.9/../../../arm-linux-gnueabihf/crti.o /usr/lib/gcc/arm-linux-gnueabihf/4.9/crtbegin.o -L/usr/lib/gcc/arm-linux-gnueabihf/4.9 -L/usr/lib/gcc/arm-linux-gnueabihf/4.9/../../../arm-linux-gnueabihf -L/usr/lib/gcc/arm-linux-gnueabihf/4.9/../../.. -L/lib/arm-linux-gnueabihf -L/usr/lib/arm-linux-gnueabihf CMakeFiles/cmTryCompileExec1127159485.dir/CMakeCXXCompilerABI.cpp.o -lstdc++ -lm -lgcc_s -lgcc -lc -lgcc_s -lgcc /usr/lib/gcc/arm-linux-gnueabihf/4.9/crtend.o /usr/lib/gcc/arm-linux-gnueabihf/4.9/../../../arm-linux-gnueabihf/crtn.o
make[1]: Leaving directory '/home/pi/Documents/robotica/trova palle/CMakeFiles/CMakeTmp'


Parsed CXX implicit link information from above output:
  link line regex: [^( *|.*[/\])(ld|([^/\]+-)?ld|collect2)[^/\]*( |$)]
  ignore line: [Change Dir: /home/pi/Documents/robotica/trova palle/CMakeFiles/CMakeTmp]
  ignore line: []
  ignore line: [Run Build Command:"/usr/bin/make" "cmTryCompileExec1127159485/fast"]
  ignore line: [/usr/bin/make -f CMakeFiles/cmTryCompileExec1127159485.dir/build.make CMakeFiles/cmTryCompileExec1127159485.dir/build]
  ignore line: [make[1]: Entering directory '/home/pi/Documents/robotica/trova palle/CMakeFiles/CMakeTmp']
  ignore line: [/usr/bin/cmake -E cmake_progress_report "/home/pi/Documents/robotica/trova palle/CMakeFiles/CMakeTmp/CMakeFiles" 1]
  ignore line: [Building CXX object CMakeFiles/cmTryCompileExec1127159485.dir/CMakeCXXCompilerABI.cpp.o]
  ignore line: [/usr/bin/c++     -o CMakeFiles/cmTryCompileExec1127159485.dir/CMakeCXXCompilerABI.cpp.o -c /usr/share/cmake-3.0/Modules/CMakeCXXCompilerABI.cpp]
  ignore line: [Linking CXX executable cmTryCompileExec1127159485]
  ignore line: [/usr/bin/cmake -E cmake_link_script CMakeFiles/cmTryCompileExec1127159485.dir/link.txt --verbose=1]
  ignore line: [/usr/bin/c++      -v CMakeFiles/cmTryCompileExec1127159485.dir/CMakeCXXCompilerABI.cpp.o  -o cmTryCompileExec1127159485 -rdynamic  ]
  ignore line: [Using built-in specs.]
  ignore line: [COLLECT_GCC=/usr/bin/c++]
  ignore line: [COLLECT_LTO_WRAPPER=/usr/lib/gcc/arm-linux-gnueabihf/4.9/lto-wrapper]
  ignore line: [Target: arm-linux-gnueabihf]
  ignore line: [Configured with: ../src/configure -v --with-pkgversion='Raspbian 4.9.2-10' --with-bugurl=file:///usr/share/doc/gcc-4.9/README.Bugs --enable-languages=c,c++,java,go,d,fortran,objc,obj-c++ --prefix=/usr --program-suffix=-4.9 --enable-shared --enable-linker-build-id --libexecdir=/usr/lib --without-included-gettext --enable-threads=posix --with-gxx-include-dir=/usr/include/c++/4.9 --libdir=/usr/lib --enable-nls --with-sysroot=/ --enable-clocale=gnu --enable-libstdcxx-debug --enable-libstdcxx-time=yes --enable-gnu-unique-object --disable-libitm --disable-libquadmath --enable-plugin --with-system-zlib --disable-browser-plugin --enable-java-awt=gtk --enable-gtk-cairo --with-java-home=/usr/lib/jvm/java-1.5.0-gcj-4.9-armhf/jre --enable-java-home --with-jvm-root-dir=/usr/lib/jvm/java-1.5.0-gcj-4.9-armhf --with-jvm-jar-dir=/usr/lib/jvm-exports/java-1.5.0-gcj-4.9-armhf --with-arch-directory=arm --with-ecj-jar=/usr/share/java/eclipse-ecj.jar --enable-objc-gc --enable-multiarch --disable-sjlj-exceptions --with-arch=armv6 --with-fpu=vfp --with-float=hard --enable-checking=release --build=arm-linux-gnueabihf --host=arm-linux-gnueabihf --target=arm-linux-gnueabihf]
  ignore line: [Thread model: posix]
  ignore line: [gcc version 4.9.2 (Raspbian 4.9.2-10) ]
  ignore line: [COMPILER_PATH=/usr/lib/gcc/arm-linux-gnueabihf/4.9/:/usr/lib/gcc/arm-linux-gnueabihf/4.9/:/usr/lib/gcc/arm-linux-gnueabihf/:/usr/lib/gcc/arm-linux-gnueabihf/4.9/:/usr/lib/gcc/arm-linux-gnueabihf/]
  ignore line: [LIBRARY_PATH=/usr/lib/gcc/arm-linux-gnueabihf/4.9/:/usr/lib/gcc/arm-linux-gnueabihf/4.9/../../../arm-linux-gnueabihf/:/usr/lib/gcc/arm-linux-gnueabihf/4.9/../../../:/lib/arm-linux-gnueabihf/:/lib/:/usr/lib/arm-linux-gnueabihf/:/usr/lib/]
  ignore line: [COLLECT_GCC_OPTIONS='-v' '-o' 'cmTryCompileExec1127159485' '-rdynamic' '-shared-libgcc' '-march=armv6' '-mfloat-abi=hard' '-mfpu=vfp' '-mtls-dialect=gnu']
  link line: [ /usr/lib/gcc/arm-linux-gnueabihf/4.9/collect2 -plugin /usr/lib/gcc/arm-linux-gnueabihf/4.9/liblto_plugin.so -plugin-opt=/usr/lib/gcc/arm-linux-gnueabihf/4.9/lto-wrapper -plugin-opt=-fresolution=/tmp/ccyNmeZS.res -plugin-opt=-pass-through=-lgcc_s -plugin-opt=-pass-through=-lgcc -plugin-opt=-pass-through=-lc -plugin-opt=-pass-through=-lgcc_s -plugin-opt=-pass-through=-lgcc --sysroot=/ --build-id --eh-frame-hdr -export-dynamic -dynamic-linker /lib/ld-linux-armhf.so.3 -X --hash-style=gnu -m armelf_linux_eabi -o cmTryCompileExec1127159485 /usr/lib/gcc/arm-linux-gnueabihf/4.9/../../../arm-linux-gnueabihf/crt1.o /usr/lib/gcc/arm-linux-gnueabihf/4.9/../../../arm-linux-gnueabihf/crti.o /usr/lib/gcc/arm-linux-gnueabihf/4.9/crtbegin.o -L/usr/lib/gcc/arm-linux-gnueabihf/4.9 -L/usr/lib/gcc/arm-linux-gnueabihf/4.9/../../../arm-linux-gnueabihf -L/usr/lib/gcc/arm-linux-gnueabihf/4.9/../../.. -L/lib/arm-linux-gnueabihf -L/usr/lib/arm-linux-gnueabihf CMakeFiles/cmTryCompileExec1127159485.dir/CMakeCXXCompilerABI.cpp.o -lstdc++ -lm -lgcc_s -lgcc -lc -lgcc_s -lgcc /usr/lib/gcc/arm-linux-gnueabihf/4.9/crtend.o /usr/lib/gcc/arm-linux-gnueabihf/4.9/../../../arm-linux-gnueabihf/crtn.o]
    arg [/usr/lib/gcc/arm-linux-gnueabihf/4.9/collect2] ==> ignore
    arg [-plugin] ==> ignore
    arg [/usr/lib/gcc/arm-linux-gnueabihf/4.9/liblto_plugin.so] ==> ignore
    arg [-plugin-opt=/usr/lib/gcc/arm-linux-gnueabihf/4.9/lto-wrapper] ==> ignore
    arg [-plugin-opt=-fresolution=/tmp/ccyNmeZS.res] ==> ignore
    arg [-plugin-opt=-pass-through=-lgcc_s] ==> ignore
    arg [-plugin-opt=-pass-through=-lgcc] ==> ignore
    arg [-plugin-opt=-pass-through=-lc] ==> ignore
    arg [-plugin-opt=-pass-through=-lgcc_s] ==> ignore
    arg [-plugin-opt=-pass-through=-lgcc] ==> ignore
    arg [--sysroot=/] ==> ignore
    arg [--build-id] ==> ignore
    arg [--eh-frame-hdr] ==> ignore
    arg [-export-dynamic] ==> ignore
    arg [-dynamic-linker] ==> ignore
    arg [/lib/ld-linux-armhf.so.3] ==> ignore
    arg [-X] ==> ignore
    arg [--hash-style=gnu] ==> ignore
    arg [-m] ==> ignore
    arg [armelf_linux_eabi] ==> ignore
    arg [-o] ==> ignore
    arg [cmTryCompileExec1127159485] ==> ignore
    arg [/usr/lib/gcc/arm-linux-gnueabihf/4.9/../../../arm-linux-gnueabihf/crt1.o] ==> ignore
    arg [/usr/lib/gcc/arm-linux-gnueabihf/4.9/../../../arm-linux-gnueabihf/crti.o] ==> ignore
    arg [/usr/lib/gcc/arm-linux-gnueabihf/4.9/crtbegin.o] ==> ignore
    arg [-L/usr/lib/gcc/arm-linux-gnueabihf/4.9] ==> dir [/usr/lib/gcc/arm-linux-gnueabihf/4.9]
    arg [-L/usr/lib/gcc/arm-linux-gnueabihf/4.9/../../../arm-linux-gnueabihf] ==> dir [/usr/lib/gcc/arm-linux-gnueabihf/4.9/../../../arm-linux-gnueabihf]
    arg [-L/usr/lib/gcc/arm-linux-gnueabihf/4.9/../../..] ==> dir [/usr/lib/gcc/arm-linux-gnueabihf/4.9/../../..]
    arg [-L/lib/arm-linux-gnueabihf] ==> dir [/lib/arm-linux-gnueabihf]
    arg [-L/usr/lib/arm-linux-gnueabihf] ==> dir [/usr/lib/arm-linux-gnueabihf]
    arg [CMakeFiles/cmTryCompileExec1127159485.dir/CMakeCXXCompilerABI.cpp.o] ==> ignore
    arg [-lstdc++] ==> lib [stdc++]
    arg [-lm] ==> lib [m]
    arg [-lgcc_s] ==> lib [gcc_s]
    arg [-lgcc] ==> lib [gcc]
    arg [-lc] ==> lib [c]
    arg [-lgcc_s] ==> lib [gcc_s]
    arg [-lgcc] ==> lib [gcc]
    arg [/usr/lib/gcc/arm-linux-gnueabihf/4.9/crtend.o] ==> ignore
    arg [/usr/lib/gcc/arm-linux-gnueabihf/4.9/../../../arm-linux-gnueabihf/crtn.o] ==> ignore
  remove lib [gcc_s]
  remove lib [gcc]
  remove lib [gcc_s]
  remove lib [gcc]
  collapse library dir [/usr/lib/gcc/arm-linux-gnueabihf/4.9] ==> [/usr/lib/gcc/arm-linux-gnueabihf/4.9]
  collapse library dir [/usr/lib/gcc/arm-linux-gnueabihf/4.9/../../../arm-linux-gnueabihf] ==> [/usr/lib/arm-linux-gnueabihf]
  collapse library dir [/usr/lib/gcc/arm-linux-gnueabihf/4.9/../../..] ==> [/usr/lib]
  collapse library dir [/lib/arm-linux-gnueabihf] ==> [/lib/arm-linux-gnueabihf]
  collapse library dir [/usr/lib/arm-linux-gnueabihf] ==> [/usr/lib/arm-linux-gnueabihf]
  implicit libs: [stdc++;m;c]
  implicit dirs: [/usr/lib/gcc/arm-linux-gnueabihf/4.9;/usr/lib/arm-linux-gnueabihf;/usr/lib;/lib/arm-linux-gnueabihf]
  implicit fwks: []


